<?xml version="1.0" encoding="UTF-8"?>
<!-- Generated by org.testng.reporters.JUnitXMLReporter -->
<testsuite ignored="2" hostname="DIKHIT-PC" failures="0" tests="0" time="0.009" errors="0" timestamp="2021-03-25T22:25:01 IST">
  <testcase classname="com.application.testcases.GoogleSearchTest" name="gSearch" time="0.0">
    <ignored/>
  </testcase> <!-- gSearch -->
  <testcase classname="com.application.testcases.LoginPageTest" name="verifyLogo" time="0.0">
    <ignored/>
  </testcase> <!-- verifyLogo -->
</testsuite>
