<?xml version="1.0" encoding="UTF-8"?>
<!-- Generated by org.testng.reporters.JUnitXMLReporter -->
<testsuite ignored="1" hostname="Dikhit-PC" failures="0" tests="1" name="Test" time="19.242" errors="0" timestamp="2021-04-09T11:37:27 IST">
  <testcase classname="com.application.testcases.MultiBrowserDemo" name="test2" time="7.292"/>
  <testcase classname="com.application.testcases.MultiBrowserDemo" name="test1" time="0.0">
    <ignored/>
  </testcase> <!-- test1 -->
</testsuite> <!-- Test -->
