<?xml version="1.0" encoding="UTF-8"?>
<!-- Generated by org.testng.reporters.JUnitXMLReporter -->
<testsuite ignored="1" hostname="Dikhit-PC" failures="1" tests="1" name="Test1" time="0.006" errors="0" timestamp="2021-04-08T20:27:23 IST">
  <testcase classname="com.application.testcases.MultiBrowserDemo" name="test1" time="0.002">
    <failure type="java.lang.NullPointerException" message="Cannot invoke &amp;quot;java.util.Properties.getProperty(String)&amp;quot; because &amp;quot;com.application.testcases.MultiBrowserDemo.prop&amp;quot; is null">
      <![CDATA[java.lang.NullPointerException: Cannot invoke "java.util.Properties.getProperty(String)" because "com.application.testcases.MultiBrowserDemo.prop" is null
at com.application.testcases.MultiBrowserDemo.test1(MultiBrowserDemo.java:41)
at java.base/java.util.ArrayList.forEach(ArrayList.java:1511)
... Removed 27 stack frames]]>
    </failure>
  </testcase> <!-- test1 -->
  <testcase classname="com.application.testcases.MultiBrowserDemo" name="test2" time="0.0">
    <ignored/>
  </testcase> <!-- test2 -->
</testsuite> <!-- Test1 -->
