<?xml version="1.0" encoding="UTF-8"?>
<testng-results ignored="1" total="2" passed="1" failed="0" skipped="0">
  <reporter-output>
  </reporter-output>
  <suite started-at="2021-04-09T11:37:08 IST" name="Suite" finished-at="2021-04-09T11:37:27 IST" duration-ms="19242">
    <groups>
      <group name="Smoke">
        <method signature="MultiBrowserDemo.test2()[pri:2, instance:com.application.testcases.MultiBrowserDemo@5c8eee0f]" name="test2" class="com.application.testcases.MultiBrowserDemo"/>
      </group> <!-- Smoke -->
    </groups>
    <test started-at="2021-04-09T11:37:08 IST" name="Test" finished-at="2021-04-09T11:37:27 IST" duration-ms="19242">
      <class name="com.application.testcases.MultiBrowserDemo">
        <test-method is-config="true" signature="setExtent()[pri:0, instance:com.application.testcases.MultiBrowserDemo@5c8eee0f]" started-at="2021-04-09T11:37:08 IST" name="setExtent" finished-at="2021-04-09T11:37:08 IST" duration-ms="170" status="PASS">
          <reporter-output>
          </reporter-output>
        </test-method> <!-- setExtent -->
        <test-method is-config="true" signature="loadConfig()[pri:0, instance:com.application.testcases.MultiBrowserDemo@5c8eee0f]" started-at="2021-04-09T11:37:08 IST" name="loadConfig" finished-at="2021-04-09T11:37:08 IST" duration-ms="1" status="PASS">
          <reporter-output>
          </reporter-output>
        </test-method> <!-- loadConfig -->
        <test-method is-config="true" signature="setup(java.lang.String)[pri:0, instance:com.application.testcases.MultiBrowserDemo@5c8eee0f]" started-at="2021-04-09T11:37:08 IST" name="setup" finished-at="2021-04-09T11:37:19 IST" depends-on-methods="com.application.basePackage.BaseClass.loadConfig" duration-ms="10604" status="PASS">
          <params>
            <param index="0">
              <value>
                <![CDATA[chrome]]>
              </value>
            </param>
          </params>
          <reporter-output>
          </reporter-output>
        </test-method> <!-- setup -->
        <test-method signature="test2()[pri:2, instance:com.application.testcases.MultiBrowserDemo@5c8eee0f]" started-at="2021-04-09T11:37:19 IST" name="test2" finished-at="2021-04-09T11:37:26 IST" duration-ms="7292" status="PASS">
          <reporter-output>
          </reporter-output>
        </test-method> <!-- test2 -->
        <test-method is-config="true" signature="tearDown()[pri:0, instance:com.application.testcases.MultiBrowserDemo@5c8eee0f]" started-at="2021-04-09T11:37:26 IST" name="tearDown" finished-at="2021-04-09T11:37:27 IST" duration-ms="1302" status="PASS">
          <reporter-output>
          </reporter-output>
        </test-method> <!-- tearDown -->
        <test-method is-config="true" signature="endReport()[pri:0, instance:com.application.testcases.MultiBrowserDemo@5c8eee0f]" started-at="2021-04-09T11:37:27 IST" name="endReport" finished-at="2021-04-09T11:37:27 IST" duration-ms="2" status="PASS">
          <reporter-output>
          </reporter-output>
        </test-method> <!-- endReport -->
      </class> <!-- com.application.testcases.MultiBrowserDemo -->
    </test> <!-- Test -->
  </suite> <!-- Suite -->
</testng-results>
